<?xml version="1.0" encoding="UTF-8"?>
<!-- Generated by org.testng.reporters.JUnitReportReporter -->
<testsuite hostname="chirag-inspiron3558" failures="0" tests="3" name="TestCalculate" time="0.051" errors="0" timestamp="2021-01-10T19:00:45 IST" skipped="0">
  <testcase classname="TestCalculate" name="emptyStringReturnsZero" time="0.039"/>
  <system-out/>
  <testcase classname="TestCalculate" name="singleValueIsReplied" time="0.010"/>
  <system-out/>
  <testcase classname="TestCalculate" name="twoNumbersCommaDelimitersReturnSum" time="0.002"/>
  <system-out/>
</testsuite> <!-- TestCalculate -->
