<?xml version="1.0" encoding="UTF-8"?>
<!-- Generated by org.testng.reporters.JUnitReportReporter -->
<testsuite hostname="chirag-inspiron3558" failures="0" tests="9" name="TestCalculate" time="0.034" errors="0" timestamp="2021-01-11T01:11:48 IST" skipped="0">
  <testcase classname="TestCalculate" name="threeNumbersCommaDelimitersBothWaysReturnSum" time="0.002"/>
  <system-out/>
  <testcase classname="TestCalculate" name="DelimitersofAnyLength" time="0.002"/>
  <system-out/>
  <testcase classname="TestCalculate" name="twoNumbersNewLineDelimitersReturnSum" time="0.001"/>
  <system-out/>
  <testcase classname="TestCalculate" name="AcceptsMultipleDelimiters" time="0.020"/>
  <system-out/>
  <testcase classname="TestCalculate" name="emptyStringReturnsZero" time="0.001"/>
  <system-out/>
  <testcase classname="TestCalculate" name="negativeInputReturnsException" time="0.003"/>
  <system-out/>
  <testcase classname="TestCalculate" name="singleValueIsReplied" time="0.001"/>
  <system-out/>
  <testcase classname="TestCalculate" name="IgnoreNumberGreaterthan1000" time="0.002"/>
  <system-out/>
  <testcase classname="TestCalculate" name="twoNumbersCommaDelimitersReturnSum" time="0.002"/>
  <system-out/>
</testsuite> <!-- TestCalculate -->
