<?xml version="1.0" encoding="UTF-8"?>
<!-- Generated by org.testng.reporters.JUnitReportReporter -->
<testsuite hostname="chirag-inspiron3558" failures="0" tests="1" name="TestCalculate" time="0.020" errors="0" timestamp="2021-01-10T18:28:19 IST" skipped="0">
  <testcase classname="TestCalculate" name="emptyStringReturnsZero" time="0.020"/>
  <system-out/>
</testsuite> <!-- TestCalculate -->
