<?xml version="1.0" encoding="UTF-8"?>
<!-- Generated by org.testng.reporters.JUnitReportReporter -->
<testsuite hostname="chirag-inspiron3558" failures="0" tests="4" name="TestCalculate" time="0.026" errors="0" timestamp="2021-01-10T19:45:55 IST" skipped="0">
  <testcase classname="TestCalculate" name="emptyStringReturnsZero" time="0.020"/>
  <system-out/>
  <testcase classname="TestCalculate" name="twoNumbersCommaDelimitersReturnSum" time="0.002"/>
  <system-out/>
  <testcase classname="TestCalculate" name="twoNumbersNewLineDelimitersReturnSum" time="0.002"/>
  <system-out/>
  <testcase classname="TestCalculate" name="singleValueIsReplied" time="0.002"/>
  <system-out/>
</testsuite> <!-- TestCalculate -->
