<?xml version="1.0" encoding="UTF-8"?>
<!-- Generated by org.testng.reporters.JUnitReportReporter -->
<testsuite hostname="chirag-inspiron3558" failures="0" tests="2" name="TestCalculate" time="0.024" errors="0" timestamp="2021-01-10T18:48:48 IST" skipped="0">
  <testcase classname="TestCalculate" name="singleValueIsReplied" time="0.002"/>
  <system-out/>
  <testcase classname="TestCalculate" name="emptyStringReturnsZero" time="0.022"/>
  <system-out/>
</testsuite> <!-- TestCalculate -->
