<?xml version="1.0" encoding="UTF-8"?>
<!-- Generated by org.testng.reporters.JUnitReportReporter -->
<testsuite hostname="chirag-inspiron3558" failures="0" tests="1" name="TestCalculate" time="0.017" errors="0" timestamp="2021-01-10T20:34:36 IST" skipped="0">
  <testcase classname="TestCalculate" name="negativeInputReturnsException" time="0.017"/>
  <system-out/>
</testsuite> <!-- TestCalculate -->
